<?xml version="1.0" encoding="UTF-8"?>
<Site BuildName="Linux-g++"
	BuildStamp="20230912-1608-Experimental"
	Name="Ubuntu-v20"
	Generator="ctest-3.27.4"
	CompilerName="/usr/bin/g++"
	CompilerVersion="9.4.0"
	OSName="Linux"
	Hostname="Ubuntu-v20"
	OSRelease="5.15.0-83-generic"
	OSVersion="#92~20.04.1-Ubuntu SMP Mon Aug 21 14:00:49 UTC 2023"
	OSPlatform="x86_64"
	Is64Bits="1"
	VendorString="GenuineIntel"
	VendorID="Intel Corporation"
	FamilyID="6"
	ModelID="167"
	ProcessorCacheSize="16384"
	NumberOfLogicalCPU="4"
	NumberOfPhysicalCPU="4"
	TotalVirtualMemory="1162"
	TotalPhysicalMemory="15953"
	LogicalProcessorsPerPhysical="1"
	ProcessorClockFrequency="3600"
	>
	<Testing>
		<StartDateTime>Sep 12 12:21 EDT</StartDateTime>
		<StartTestTime>1694535718</StartTestTime>
		<TestList/>
		<EndDateTime>Sep 12 12:21 EDT</EndDateTime>
		<EndTestTime>1694535718</EndTestTime>
		<ElapsedMinutes>0</ElapsedMinutes>
	</Testing>
</Site>
